<?xml version="1.0" encoding="UTF-8"?>
<testsuite xmlns:xsi="http://www.w3.org/2001/XMLSchema-instance" xsi:noNamespaceSchemaLocation="https://maven.apache.org/surefire/maven-surefire-plugin/xsd/surefire-test-report-3.0.xsd" version="3.0" name="com.quovadis.nyeriyouth.NyeriyouthApplicationTests" time="17.683" tests="1" errors="0" skipped="0" failures="0">
  <properties>
[...]
</properties>
  <testcase name="contextLoads" classname="com.quovadis.nyeriyouth.NyeriyouthApplicationTests" time="2.608">
    <system-out><![CDATA[16:46:15.288 [main] INFO org.springframework.test.context.support.AnnotationConfigContextLoaderUtils -- Could not detect default configuration classes for test class [com.quovadis.nyeriyouth.NyeriyouthApplicationTests]: NyeriyouthApplicationTests does not declare any static, non-private, non-final, nested classes annotated with @Configuration.
16:46:15.577 [main] INFO org.springframework.boot.test.context.SpringBootTestContextBootstrapper -- Found @SpringBootConfiguration com.quovadis.nyeriyouth.NyeriyouthApplication for test class com.quovadis.nyeriyouth.NyeriyouthApplicationTests
16:46:16.078 [main] INFO org.springframework.boot.devtools.restart.RestartApplicationListener -- Restart disabled due to context in which it is running

  .   ____          _            __ _ _
 /\\ / ___'_ __ _ _(_)_ __  __ _ \ \ \ \
( ( )\___ | '_ | '_| | '_ \/ _` | \ \ \ \
 \\/  ___)| |_)| | | | | || (_| |  ) ) ) )
  '  |____| .__|_| |_|_| |_\__, | / / / /
 =========|_|==============|___/=/_/_/_/
 :: Spring Boot ::                (v3.2.0)

2023-12-20T16:46:16.790+03:00  INFO 14296 --- [           main] c.q.n.NyeriyouthApplicationTests         : Starting NyeriyouthApplicationTests using Java 21 with PID 14296 (started by Emmanuel Mutua in C:\Users\Emmanuel Mutua\nyeriyouth\BackEnd\nyeriyouth)
2023-12-20T16:46:16.793+03:00  INFO 14296 --- [           main] c.q.n.NyeriyouthApplicationTests         : No active profile set, falling back to 1 default profile: "default"
2023-12-20T16:46:19.315+03:00  INFO 14296 --- [           main] .s.d.r.c.RepositoryConfigurationDelegate : Bootstrapping Spring Data JDBC repositories in DEFAULT mode.
2023-12-20T16:46:19.504+03:00  INFO 14296 --- [           main] .s.d.r.c.RepositoryConfigurationDelegate : Finished Spring Data repository scanning in 174 ms. Found 4 JDBC repository interfaces.
2023-12-20T16:46:20.992+03:00  INFO 14296 --- [           main] com.zaxxer.hikari.HikariDataSource       : HikariPool-1 - Starting...
2023-12-20T16:46:24.672+03:00  INFO 14296 --- [           main] com.zaxxer.hikari.pool.HikariPool        : HikariPool-1 - Added connection org.postgresql.jdbc.PgConnection@bc09d57
2023-12-20T16:46:24.676+03:00  INFO 14296 --- [           main] com.zaxxer.hikari.HikariDataSource       : HikariPool-1 - Start completed.
2023-12-20T16:46:28.544+03:00  INFO 14296 --- [           main] o.s.s.web.DefaultSecurityFilterChain     : Will secure any request with [org.springframework.security.web.session.DisableEncodeUrlFilter@ec5f944, org.springframework.security.web.context.request.async.WebAsyncManagerIntegrationFilter@5b4954b2, org.springframework.security.web.context.SecurityContextHolderFilter@464ede1f, org.springframework.security.web.header.HeaderWriterFilter@7d3bf8db, org.springframework.web.filter.CorsFilter@74eec640, org.springframework.security.web.authentication.logout.LogoutFilter@6684f7f2, com.quovadis.nyeriyouth.youthregistration.config.ApiKeyAuthFilter@3973b6d4, org.springframework.security.web.authentication.www.BasicAuthenticationFilter@266da047, org.springframework.security.web.savedrequest.RequestCacheAwareFilter@1247c72e, org.springframework.security.web.servletapi.SecurityContextHolderAwareRequestFilter@1f179f51, org.springframework.security.web.authentication.AnonymousAuthenticationFilter@18dd7767, org.springframework.security.web.access.ExceptionTranslationFilter@3a5e2525]
2023-12-20T16:46:29.854+03:00  INFO 14296 --- [           main] c.q.n.NyeriyouthApplicationTests         : Started NyeriyouthApplicationTests in 13.82 seconds (process running for 16.924)
]]></system-out>
    <system-err><![CDATA[WARNING: A Java agent has been loaded dynamically (C:\Users\Emmanuel Mutua\.m2\repository\net\bytebuddy\byte-buddy-agent\1.14.10\byte-buddy-agent-1.14.10.jar)
WARNING: If a serviceability tool is in use, please run with -XX:+EnableDynamicAgentLoading to hide this warning
WARNING: If a serviceability tool is not in use, please run with -Djdk.instrument.traceUsage for more information
WARNING: Dynamic loading of agents will be disallowed by default in a future release
]]></system-err>
  </testcase>
</testsuite>